c:\onedrive\dokumenty\projekty\c++\sort_runner\sort_runner\debug\vc141.pdb
c:\onedrive\dokumenty\projekty\c++\sort_runner\sort_runner\debug\vc141.idb
c:\onedrive\dokumenty\projekty\c++\sort_runner\sort_runner\debug\world.obj
c:\onedrive\dokumenty\projekty\c++\sort_runner\sort_runner\debug\stairs.obj
c:\onedrive\dokumenty\projekty\c++\sort_runner\sort_runner\debug\sort_runner.obj
c:\onedrive\dokumenty\projekty\c++\sort_runner\sort_runner\debug\sorter.obj
c:\onedrive\dokumenty\projekty\c++\sort_runner\sort_runner\debug\path.obj
c:\onedrive\dokumenty\projekty\c++\sort_runner\sort_runner\debug\menu.obj
c:\onedrive\dokumenty\projekty\c++\sort_runner\sort_runner\debug\game.obj
c:\onedrive\dokumenty\projekty\c++\sort_runner\sort_runner\debug\consoledraw.obj
c:\onedrive\dokumenty\projekty\c++\sort_runner\sort_runner\debug\base.obj
c:\onedrive\dokumenty\projekty\c++\sort_runner\debug\sort_runner.exe
c:\onedrive\dokumenty\projekty\c++\sort_runner\debug\sort_runner.ilk
c:\onedrive\dokumenty\projekty\c++\sort_runner\debug\sort_runner.pdb
c:\onedrive\dokumenty\projekty\c++\sort_runner\sort_runner\debug\sort_runner.res
c:\onedrive\dokumenty\projekty\c++\sort_runner\sort_runner\debug\sort_runner.tlog\cl.command.1.tlog
c:\onedrive\dokumenty\projekty\c++\sort_runner\sort_runner\debug\sort_runner.tlog\cl.read.1.tlog
c:\onedrive\dokumenty\projekty\c++\sort_runner\sort_runner\debug\sort_runner.tlog\cl.write.1.tlog
c:\onedrive\dokumenty\projekty\c++\sort_runner\sort_runner\debug\sort_runner.tlog\link.command.1.tlog
c:\onedrive\dokumenty\projekty\c++\sort_runner\sort_runner\debug\sort_runner.tlog\link.read.1.tlog
c:\onedrive\dokumenty\projekty\c++\sort_runner\sort_runner\debug\sort_runner.tlog\link.write.1.tlog
c:\onedrive\dokumenty\projekty\c++\sort_runner\sort_runner\debug\sort_runner.tlog\rc.command.1.tlog
c:\onedrive\dokumenty\projekty\c++\sort_runner\sort_runner\debug\sort_runner.tlog\rc.read.1.tlog
c:\onedrive\dokumenty\projekty\c++\sort_runner\sort_runner\debug\sort_runner.tlog\rc.write.1.tlog
