  Base.cpp
  ConsoleDraw.cpp
c:\onedrive\dokumenty\projekty\c++\sort_runner\sort_runner\consoledraw.cpp(26): warning C4838: conversion from 'int' to 'SHORT' requires a narrowing conversion
c:\onedrive\dokumenty\projekty\c++\sort_runner\sort_runner\consoledraw.cpp(76): warning C4244: '=': conversion from 'float' to 'int', possible loss of data
c:\onedrive\dokumenty\projekty\c++\sort_runner\sort_runner\consoledraw.cpp(79): warning C4244: '=': conversion from 'float' to 'int', possible loss of data
c:\onedrive\dokumenty\projekty\c++\sort_runner\sort_runner\consoledraw.cpp(157): warning C4244: '=': conversion from 'double' to 'int', possible loss of data
c:\onedrive\dokumenty\projekty\c++\sort_runner\sort_runner\consoledraw.cpp(162): warning C4018: '<': signed/unsigned mismatch
  Game.cpp
c:\onedrive\dokumenty\projekty\c++\sort_runner\sort_runner\game.cpp(142): warning C4244: '=': conversion from 'double' to 'int', possible loss of data
  Menu.cpp
c:\onedrive\dokumenty\projekty\c++\sort_runner\sort_runner\menu.cpp(44): warning C4018: '>=': signed/unsigned mismatch
c:\onedrive\dokumenty\projekty\c++\sort_runner\sort_runner\menu.cpp(83): warning C4018: '<': signed/unsigned mismatch
c:\onedrive\dokumenty\projekty\c++\sort_runner\sort_runner\menu.cpp(112): warning C4018: '<': signed/unsigned mismatch
  Path.cpp
  Sorter.cpp
c:\onedrive\dokumenty\projekty\c++\sort_runner\sort_runner\sorter.cpp(25): warning C4018: '>=': signed/unsigned mismatch
c:\onedrive\dokumenty\projekty\c++\sort_runner\sort_runner\sorter.cpp(58): warning C4018: '>=': signed/unsigned mismatch
c:\onedrive\dokumenty\projekty\c++\sort_runner\sort_runner\sorter.cpp(106): warning C4018: '>=': signed/unsigned mismatch
  Sort_runner.cpp
  Stairs.cpp
c:\onedrive\dokumenty\projekty\c++\sort_runner\sort_runner\stairs.cpp(43): warning C4018: '<': signed/unsigned mismatch
c:\onedrive\dokumenty\projekty\c++\sort_runner\sort_runner\stairs.cpp(64): warning C4244: 'initializing': conversion from 'float' to 'int', possible loss of data
  World.cpp
c:\onedrive\dokumenty\projekty\c++\sort_runner\sort_runner\world.cpp(16): warning C4244: 'initializing': conversion from 'float' to 'int', possible loss of data
  Generating Code...
  Sort_runner.vcxproj -> C:\OneDrive\Dokumenty\Projekty\C++\Sort_runner\Debug\Sort_runner.exe
